13:38:41 INFO  b.b.u.FileLocationContextListener - Getting upload folder path... 
13:38:51 INFO  b.b.service.impl.DoGetServiceImpl - Trying to get list of files... 
13:38:51 INFO  by.barysau.util.command.FileApp - Collecting list of files... 
13:38:51 INFO  b.b.service.impl.DoGetServiceImpl - List of files received. 
13:42:48 INFO  b.b.u.FileLocationContextListener - Getting upload folder path... 
13:42:51 INFO  b.b.service.impl.DoGetServiceImpl - Trying to get list of files... 
13:42:51 INFO  by.barysau.util.command.FileApp - Collecting list of files... 
13:42:51 INFO  b.b.service.impl.DoGetServiceImpl - List of files received. 
13:42:55 INFO  b.b.service.impl.DoPostServiceImpl - File to upload not found! 
13:42:55 INFO  b.b.service.impl.DoGetServiceImpl - Trying to get list of files... 
13:42:55 INFO  by.barysau.util.command.FileApp - Collecting list of files... 
13:42:55 INFO  b.b.service.impl.DoGetServiceImpl - List of files received. 
13:56:50 INFO  b.b.u.FileLocationContextListener - Getting upload folder path... 
14:12:26 INFO  b.b.u.FileLocationContextListener - Getting upload folder path... 
14:52:48 INFO  b.b.u.FileLocationContextListener - Getting upload folder path... 
14:52:50 INFO  b.b.service.impl.DoGetServiceImpl - Trying to get list of files... 
14:52:50 INFO  by.barysau.util.command.FileApp - Collecting list of files... 
14:52:50 INFO  b.b.service.impl.DoGetServiceImpl - List of files received. 
15:59:21 INFO  b.b.u.FileLocationContextListener - Getting upload folder path... 
16:31:55 INFO  b.b.u.FileLocationContextListener - Getting upload folder path... 
16:33:28 INFO  b.b.u.FileLocationContextListener - Getting upload folder path... 
16:33:31 INFO  b.b.service.impl.DoGetServiceImpl - Trying to get list of files... 
16:33:31 INFO  by.barysau.util.command.FileApp - Collecting list of files... 
16:33:31 INFO  b.b.service.impl.DoGetServiceImpl - List of files received. 
16:33:37 INFO  b.b.service.impl.DoPostServiceImpl - File to upload not found! 
16:33:37 INFO  b.b.service.impl.DoGetServiceImpl - Trying to get list of files... 
16:33:37 INFO  by.barysau.util.command.FileApp - Collecting list of files... 
16:33:37 INFO  b.b.service.impl.DoGetServiceImpl - List of files received. 
16:33:58 INFO  b.b.u.FileLocationContextListener - Getting upload folder path... 
16:34:04 INFO  b.b.service.impl.DoGetServiceImpl - Trying to get list of files... 
16:34:04 INFO  by.barysau.util.command.FileApp - Collecting list of files... 
16:34:04 INFO  b.b.service.impl.DoGetServiceImpl - List of files received. 
16:34:56 INFO  b.b.u.FileLocationContextListener - Getting upload folder path... 
16:35:04 INFO  b.b.service.impl.DoGetServiceImpl - Trying to get list of files... 
16:35:04 INFO  by.barysau.util.command.FileApp - Collecting list of files... 
16:35:04 INFO  b.b.service.impl.DoGetServiceImpl - List of files received. 
17:05:32 INFO  b.b.u.FileLocationContextListener - Getting upload folder path... 
17:05:36 INFO  b.b.service.impl.DoGetServiceImpl - Trying to get list of files... 
17:05:36 INFO  by.barysau.util.command.FileApp - Collecting list of files... 
17:05:36 INFO  b.b.service.impl.DoGetServiceImpl - List of files received. 
17:05:41 INFO  b.b.service.impl.DoPostServiceImpl - File to upload not found! 
17:05:41 INFO  b.b.service.impl.DoGetServiceImpl - Trying to get list of files... 
17:05:41 INFO  by.barysau.util.command.FileApp - Collecting list of files... 
17:05:41 INFO  b.b.service.impl.DoGetServiceImpl - List of files received. 
17:07:49 INFO  b.b.u.FileLocationContextListener - Getting upload folder path... 
17:07:53 INFO  b.b.service.impl.DoGetServiceImpl - Trying to get list of files... 
17:07:53 INFO  by.barysau.util.command.FileApp - Collecting list of files... 
17:07:53 INFO  b.b.service.impl.DoGetServiceImpl - List of files received. 
17:07:58 INFO  b.b.service.impl.DoPostServiceImpl - Start validation... 
17:07:58 DEBUG b.b.util.validator.ValidatorFactory - Size validator created. 
17:07:58 DEBUG b.b.util.validator.ValidatorFactory - Type validator created. 
17:07:58 DEBUG b.b.util.validator.ValidatorFactory - Name validator created. 
17:07:58 INFO  b.b.u.validator.impl.SizeValidator - Size validation in progress... 
17:07:58 INFO  b.b.u.validator.impl.TypeValidator - Type validation in progress... 
17:07:58 INFO  b.b.u.validator.impl.NameValidator - Name validation in progress... 
17:07:58 INFO  by.barysau.util.command.FileApp - Collecting list of files... 
17:07:58 INFO  b.b.service.impl.DoGetServiceImpl - Trying to get list of files... 
17:07:58 INFO  by.barysau.util.command.FileApp - Collecting list of files... 
17:07:58 INFO  b.b.service.impl.DoGetServiceImpl - List of files received. 
17:08:00 INFO  b.b.service.impl.DoPostServiceImpl - File to upload not found! 
17:08:00 INFO  b.b.service.impl.DoGetServiceImpl - Trying to get list of files... 
17:08:00 INFO  by.barysau.util.command.FileApp - Collecting list of files... 
17:08:00 INFO  b.b.service.impl.DoGetServiceImpl - List of files received. 
17:10:11 INFO  b.b.u.FileLocationContextListener - Getting upload folder path... 
17:10:15 INFO  b.b.service.impl.DoPostServiceImpl - File to upload not found! 
17:10:15 INFO  b.b.service.impl.DoGetServiceImpl - Trying to get list of files... 
17:10:15 INFO  by.barysau.util.command.FileApp - Collecting list of files... 
17:10:15 INFO  b.b.service.impl.DoGetServiceImpl - List of files received. 
17:10:17 INFO  b.b.service.impl.DoPostServiceImpl - File to upload not found! 
17:10:17 INFO  b.b.service.impl.DoGetServiceImpl - Trying to get list of files... 
17:10:17 INFO  by.barysau.util.command.FileApp - Collecting list of files... 
17:10:17 INFO  b.b.service.impl.DoGetServiceImpl - List of files received. 
17:24:24 INFO  b.b.u.FileLocationContextListener - Getting upload folder path... 
17:24:29 INFO  b.b.service.impl.DoGetServiceImpl - Trying to get list of files... 
17:24:29 INFO  by.barysau.util.command.FileApp - Collecting list of files... 
17:24:29 INFO  b.b.service.impl.DoGetServiceImpl - List of files received. 
17:24:35 INFO  b.b.service.impl.DoPostServiceImpl - Start validation... 
17:24:35 DEBUG b.b.util.validator.ValidatorFactory - Size validator created. 
17:24:35 DEBUG b.b.util.validator.ValidatorFactory - Type validator created. 
17:24:35 DEBUG b.b.util.validator.ValidatorFactory - Name validator created. 
17:24:35 INFO  b.b.u.validator.impl.SizeValidator - Size validation in progress... 
17:24:35 INFO  b.b.u.validator.impl.TypeValidator - Type validation in progress... 
17:24:35 INFO  b.b.u.validator.impl.NameValidator - Name validation in progress... 
17:24:35 INFO  by.barysau.util.command.FileApp - Collecting list of files... 
17:24:35 INFO  b.b.service.impl.DoGetServiceImpl - Trying to get list of files... 
17:24:35 INFO  by.barysau.util.command.FileApp - Collecting list of files... 
17:24:35 INFO  b.b.service.impl.DoGetServiceImpl - List of files received. 
17:24:37 INFO  b.b.service.impl.DoPostServiceImpl - File to upload not found! 
17:24:37 INFO  b.b.service.impl.DoGetServiceImpl - Trying to get list of files... 
17:24:37 INFO  by.barysau.util.command.FileApp - Collecting list of files... 
17:24:37 INFO  b.b.service.impl.DoGetServiceImpl - List of files received. 
17:28:53 INFO  b.b.u.FileLocationContextListener - Getting upload folder path... 
17:28:56 INFO  b.b.service.impl.DoGetServiceImpl - Trying to get list of files... 
17:28:56 INFO  by.barysau.util.command.FileApp - Collecting list of files... 
17:28:56 INFO  b.b.service.impl.DoGetServiceImpl - List of files received. 
18:00:33 INFO  b.b.u.FileLocationContextListener - Getting upload folder path... 
18:05:03 INFO  b.b.u.FileLocationContextListener - Getting upload folder path... 
18:17:52 INFO  b.b.u.FileLocationContextListener - Getting upload folder path... 
