12:49:52 INFO  b.b.u.FileLocationContextListener - Getting upload folder path... 
12:49:52 INFO  b.b.u.FileLocationContextListener - Creating upload folder. 
12:49:57 INFO  b.b.service.impl.DoGetServiceImpl - Trying to get list of files... 
12:49:57 INFO  by.barysau.util.command.FileApp - Collecting list of files... 
12:49:57 INFO  b.b.service.impl.DoGetServiceImpl - List of files received. 
12:52:22 INFO  b.b.u.FileLocationContextListener - Getting upload folder path... 
12:52:25 INFO  b.b.service.impl.DoGetServiceImpl - Trying to get list of files... 
12:52:25 INFO  by.barysau.util.command.FileApp - Collecting list of files... 
12:52:25 INFO  b.b.service.impl.DoGetServiceImpl - List of files received. 
12:52:28 INFO  b.b.service.impl.DoPostServiceImpl - File to upload not found! 
12:52:28 INFO  b.b.service.impl.DoGetServiceImpl - Trying to get list of files... 
12:52:28 INFO  by.barysau.util.command.FileApp - Collecting list of files... 
12:52:28 INFO  b.b.service.impl.DoGetServiceImpl - List of files received. 
12:52:36 INFO  b.b.service.impl.DoPostServiceImpl - Start validation... 
12:52:36 DEBUG b.b.util.validator.ValidatorFactory - Size validator created. 
12:52:36 DEBUG b.b.util.validator.ValidatorFactory - Type validator created. 
12:52:36 DEBUG b.b.util.validator.ValidatorFactory - Name validator created. 
12:52:36 INFO  b.b.u.validator.impl.SizeValidator - Size validation in progress... 
12:52:36 INFO  b.b.u.validator.impl.TypeValidator - Type validation in progress... 
12:52:36 INFO  b.b.u.validator.impl.NameValidator - Name validation in progress... 
12:52:36 INFO  by.barysau.util.command.FileApp - Collecting list of files... 
12:52:36 INFO  by.barysau.util.command.FileApp - Uploading file... 
12:52:36 INFO  b.b.service.impl.DoPostServiceImpl - File uploaded succesfully 
12:52:36 INFO  b.b.service.impl.DoGetServiceImpl - Trying to get list of files... 
12:52:36 INFO  by.barysau.util.command.FileApp - Collecting list of files... 
12:52:36 INFO  b.b.service.impl.DoGetServiceImpl - List of files received. 
