15:01:46 INFO  b.b.u.FileLocationContextListener - Getting upload folder path... 
15:01:50 INFO  b.b.service.impl.DoGetServiceImpl - Trying to get list of files... 
15:01:50 INFO  by.barysau.util.command.FileApp - Collecting list of files... 
15:01:50 INFO  b.b.service.impl.DoGetServiceImpl - List of files received. 
15:04:19 INFO  b.b.u.FileLocationContextListener - Getting upload folder path... 
15:04:19 INFO  b.b.service.impl.DoGetServiceImpl - Trying to get list of files... 
15:04:19 INFO  by.barysau.util.command.FileApp - Collecting list of files... 
15:04:19 INFO  b.b.service.impl.DoGetServiceImpl - List of files received. 
15:04:22 INFO  b.b.service.impl.DoGetServiceImpl - Trying to get list of files... 
15:04:22 INFO  by.barysau.util.command.FileApp - Collecting list of files... 
15:04:22 INFO  b.b.service.impl.DoGetServiceImpl - List of files received. 
15:42:01 INFO  b.b.service.impl.DoGetServiceImpl - Trying to get list of files... 
15:42:01 INFO  by.barysau.util.command.FileApp - Collecting list of files... 
15:42:01 INFO  b.b.service.impl.DoGetServiceImpl - List of files received. 
15:48:20 INFO  b.b.u.FileLocationContextListener - Getting upload folder path... 
15:48:24 INFO  b.b.service.impl.DoGetServiceImpl - Trying to get list of files... 
15:48:24 INFO  by.barysau.util.command.FileApp - Collecting list of files... 
15:48:24 INFO  b.b.service.impl.DoGetServiceImpl - List of files received. 
15:49:13 INFO  b.b.u.FileLocationContextListener - Getting upload folder path... 
15:49:15 INFO  b.b.service.impl.DoGetServiceImpl - Trying to get list of files... 
15:49:15 INFO  by.barysau.util.command.FileApp - Collecting list of files... 
15:49:15 INFO  b.b.service.impl.DoGetServiceImpl - List of files received. 
15:50:04 INFO  b.b.service.impl.DoPostServiceImpl - Start validation... 
15:50:04 DEBUG b.b.util.validator.ValidatorFactory - Size validator created. 
15:50:04 DEBUG b.b.util.validator.ValidatorFactory - Type validator created. 
15:50:04 DEBUG b.b.util.validator.ValidatorFactory - Name validator created. 
15:50:04 INFO  b.b.u.validator.impl.SizeValidator - Size validation in progress... 
15:50:04 INFO  b.b.u.validator.impl.TypeValidator - Type validation in progress... 
15:50:04 INFO  b.b.u.validator.impl.NameValidator - Name validation in progress... 
15:50:04 INFO  by.barysau.util.command.FileApp - Collecting list of files... 
15:50:04 INFO  b.b.service.impl.DoGetServiceImpl - Trying to get list of files... 
15:50:04 INFO  by.barysau.util.command.FileApp - Collecting list of files... 
15:50:04 INFO  b.b.service.impl.DoGetServiceImpl - List of files received. 
15:53:53 INFO  b.b.u.FileLocationContextListener - Getting upload folder path... 
15:53:53 INFO  b.b.service.impl.DoGetServiceImpl - Trying to get list of files... 
15:53:53 INFO  by.barysau.util.command.FileApp - Collecting list of files... 
15:53:53 INFO  b.b.service.impl.DoGetServiceImpl - List of files received. 
15:54:49 INFO  b.b.service.impl.DoGetServiceImpl - Trying to get list of files... 
15:54:49 INFO  by.barysau.util.command.FileApp - Collecting list of files... 
15:54:49 INFO  b.b.service.impl.DoGetServiceImpl - List of files received. 
15:55:08 INFO  b.b.service.impl.DoGetServiceImpl - Trying to get list of files... 
15:55:08 INFO  by.barysau.util.command.FileApp - Collecting list of files... 
15:55:08 INFO  b.b.service.impl.DoGetServiceImpl - List of files received. 
15:56:12 INFO  b.b.u.FileLocationContextListener - Getting upload folder path... 
15:56:17 INFO  b.b.service.impl.DoGetServiceImpl - Trying to get list of files... 
15:56:17 INFO  by.barysau.util.command.FileApp - Collecting list of files... 
15:56:17 INFO  b.b.service.impl.DoGetServiceImpl - List of files received. 
15:56:34 INFO  b.b.service.impl.DoGetServiceImpl - Trying to get list of files... 
15:56:34 INFO  by.barysau.util.command.FileApp - Collecting list of files... 
15:56:34 INFO  b.b.service.impl.DoGetServiceImpl - List of files received. 
15:56:49 INFO  b.b.service.impl.DoPostServiceImpl - File to upload not found! 
15:56:49 INFO  b.b.service.impl.DoGetServiceImpl - Trying to get list of files... 
15:56:49 INFO  by.barysau.util.command.FileApp - Collecting list of files... 
15:56:49 INFO  b.b.service.impl.DoGetServiceImpl - List of files received. 
